[2017-12-05 19:42:58] gemset_import_list
gemset_import_list () 
{ 
    case "${rvm_ruby_string}" in 
        *jruby*)
            \command \gem install "$@"
        ;;
        *)
            \typeset line;
            for line in "$@";
            do
                gem_install $line || rvm_error "there was an error installing gem $line";
            done
        ;;
    esac
}
current path: /
GEM_HOME=/home/travis/.rvm/gems/ruby-2.3.4
PATH=/home/travis/.rvm/gems/ruby-2.3.4/bin:/home/travis/.rvm/gems/ruby-2.3.4@global/bin:/home/travis/.rvm/rubies/ruby-2.3.4/bin:/home/travis/.rvm/bin:/usr/local/sbin:/usr/local/bin:/usr/sbin:/usr/bin:/sbin:/bin:/snap/bin
GEM_PATH=/home/travis/.rvm/gems/ruby-2.3.4:/home/travis/.rvm/gems/ruby-2.3.4@global
command(3): gemset_import_list rake bundler
+ case "${rvm_ruby_string}" in
+ typeset line
+ for line in '"$@"'
+ gem_install rake
+ typeset gem_name gem_version version_check
+ gem_version=
+ __rvm_parse_gems_args rake
+ typeset gem=rake
+ __rvm_string_match rake '*.gem$'
+ typeset _string
+ _string=rake
+ shift
+ ((  1  ))
+ case "${_string}" in
+ shift
+ ((  0  ))
+ return 1
+ gem_name=rake
+ case "$gem" in
+ [[ -z '' ]]
+ __rvm_db gem_rake_version gem_version
+ typeset value key variable
+ key=gem_rake_version
+ variable=gem_version
+ value=
+ [[ -f /home/travis/.rvm/user/db ]]
++ __rvm_db_ /home/travis/.rvm/user/db gem_rake_version
++ typeset __db __key __value
++ __db=/home/travis/.rvm/user/db
++ __key=gem_rake_version
++ shift 2
++ __value=
++ case "${__value}" in
++ __rvm_db_get /home/travis/.rvm/user/db gem_rake_version
++ [[ -f /home/travis/.rvm/user/db ]]
++ __rvm_sed -n -e '\#^gem_rake_version=# { s#^gem_rake_version=##;; p; }' -e '/^$/d'
++ sed -n -e '\#^gem_rake_version=# { s#^gem_rake_version=##;; p; }' -e '/^$/d'
+ value=
+ [[ -z '' ]]
+ [[ -f /home/travis/.rvm/config/db ]]
++ __rvm_db_ /home/travis/.rvm/config/db gem_rake_version
++ typeset __db __key __value
++ __db=/home/travis/.rvm/config/db
++ __key=gem_rake_version
++ shift 2
++ __value=
++ case "${__value}" in
++ __rvm_db_get /home/travis/.rvm/config/db gem_rake_version
++ [[ -f /home/travis/.rvm/config/db ]]
++ __rvm_sed -n -e '\#^gem_rake_version=# { s#^gem_rake_version=##;; p; }' -e '/^$/d'
++ sed -n -e '\#^gem_rake_version=# { s#^gem_rake_version=##;; p; }' -e '/^$/d'
+ value=
+ [[ -n '' ]]
+ return 1
+ ((  0 == 0  ))
+ is_gem_installed
+ typeset gem_spec
+ gem_spec='gem '\''rake'\'''
+ [[ -n '' ]]
+ version_check='*([[:digit:]\.])'
+ ls -ld '/home/travis/.rvm/gems/ruby-2.3.4/gems/rake-*([[:digit:]\.])'
+ /home/travis/.rvm/rubies/ruby-2.3.4/bin/ruby -rrubygems -e 'gem '\''rake'\'''
+ rvm_log 'gem rake  is already installed'
+ [[ '' == 1 ]]
+ rvm_pretty_print stdout
+ case "${rvm_pretty_print_flag:=auto}" in
+ case "${TERM:-dumb}" in
+ return 1
+ printf %b 'gem rake  is already installed\n'
gem rake  is already installed
+ return 0
+ for line in '"$@"'
+ gem_install bundler
+ typeset gem_name gem_version version_check
+ gem_version=
+ __rvm_parse_gems_args bundler
+ typeset gem=bundler
+ __rvm_string_match bundler '*.gem$'
+ typeset _string
+ _string=bundler
+ shift
+ ((  1  ))
+ case "${_string}" in
+ shift
+ ((  0  ))
+ return 1
+ gem_name=bundler
+ case "$gem" in
+ [[ -z '' ]]
+ __rvm_db gem_bundler_version gem_version
+ typeset value key variable
+ key=gem_bundler_version
+ variable=gem_version
+ value=
+ [[ -f /home/travis/.rvm/user/db ]]
++ __rvm_db_ /home/travis/.rvm/user/db gem_bundler_version
++ typeset __db __key __value
++ __db=/home/travis/.rvm/user/db
++ __key=gem_bundler_version
++ shift 2
++ __value=
++ case "${__value}" in
++ __rvm_db_get /home/travis/.rvm/user/db gem_bundler_version
++ [[ -f /home/travis/.rvm/user/db ]]
++ __rvm_sed -n -e '\#^gem_bundler_version=# { s#^gem_bundler_version=##;; p; }' -e '/^$/d'
++ sed -n -e '\#^gem_bundler_version=# { s#^gem_bundler_version=##;; p; }' -e '/^$/d'
+ value=
+ [[ -z '' ]]
+ [[ -f /home/travis/.rvm/config/db ]]
++ __rvm_db_ /home/travis/.rvm/config/db gem_bundler_version
++ typeset __db __key __value
++ __db=/home/travis/.rvm/config/db
++ __key=gem_bundler_version
++ shift 2
++ __value=
++ case "${__value}" in
++ __rvm_db_get /home/travis/.rvm/config/db gem_bundler_version
++ [[ -f /home/travis/.rvm/config/db ]]
++ __rvm_sed -n -e '\#^gem_bundler_version=# { s#^gem_bundler_version=##;; p; }' -e '/^$/d'
++ sed -n -e '\#^gem_bundler_version=# { s#^gem_bundler_version=##;; p; }' -e '/^$/d'
+ value=
+ [[ -n '' ]]
+ return 1
+ ((  0 == 0  ))
+ is_gem_installed
+ typeset gem_spec
+ gem_spec='gem '\''bundler'\'''
+ [[ -n '' ]]
+ version_check='*([[:digit:]\.])'
+ ls -ld '/home/travis/.rvm/gems/ruby-2.3.4/gems/bundler-*([[:digit:]\.])'
+ /home/travis/.rvm/rubies/ruby-2.3.4/bin/ruby -rrubygems -e 'gem '\''bundler'\'''
+ return 1
+ gem_install_force
+ typeset __available_gem
+ typeset -a install_params
+ install_params=()
++ ls -v1 '/home/travis/.rvm/gem-cache/bundler-*([[:digit:]\.]).gem'
++ tail -n 1
+ __available_gem=
+ [[ -n '' ]]
+ [[ -n '' ]]
+ install_params+=(--no-ri --no-rdoc $rvm_gem_options)
+ __rvm_log_command gem.install.bundler 'installing gem bundler --no-ri --no-rdoc --no-ri --no-rdoc' command gem install bundler --no-ri --no-rdoc --no-ri --no-rdoc
+ typeset name message _command_start _command_name
+ typeset -a _command
+ name=gem.install.bundler
+ message='installing gem bundler --no-ri --no-rdoc --no-ri --no-rdoc'
+ shift 2
+ _command=("$@")
+ _command_start=command
+ ((  8  ))
+ [[ command == *\=* ]]
+ _command_name=command
+ [[ command != *\=* ]]
+ __function_on_stack __rvm_log_command_internal
+ __rvm_string_includes '__function_on_stack __rvm_log_command gem_install_force gem_install gemset_import_list __rvm_log_dotted __rvm_log_command_internal __rvm_log_command gemset_import gemset_initial __rvm_with gemset_create __rvm_initial_gemsets_create_without_rubygems external_import_setup external_import main' __rvm_log_command_internal
+ typeset __search '__text=__function_on_stack __rvm_log_command gem_install_force gem_install gemset_import_list __rvm_log_dotted __rvm_log_command_internal __rvm_log_command gemset_import gemset_initial __rvm_with gemset_create __rvm_initial_gemsets_create_without_rubygems external_import_setup external_import main'
+ shift
+ for __search in '"$@"'
+ [[  __function_on_stack __rvm_log_command gem_install_force gem_install gemset_import_list __rvm_log_dotted __rvm_log_command_internal __rvm_log_command gemset_import gemset_initial __rvm_with gemset_create __rvm_initial_gemsets_create_without_rubygems external_import_setup external_import main  == *\ \_\_\r\v\m\_\l\o\g\_\c\o\m\m\a\n\d\_\i\n\t\e\r\n\a\l\ * ]]
+ return 0
+ __rvm_log_command_simple command gem install bundler --no-ri --no-rdoc --no-ri --no-rdoc
+ __rvm_log_command_debug
++ __rvm_date '+%Y-%m-%d %H:%M:%S'
++ date '+%Y-%m-%d %H:%M:%S'
+ printf %b '[2017-12-05 19:42:58] command\n'
[2017-12-05 19:42:58] command
+ is_a_function command
+ typeset -f command
+ return 1
+ printf %b 'current path: /\n'
current path: /
+ env
+ __rvm_grep -E '^GEM_HOME=|^GEM_PATH=|^PATH='
+ GREP_OPTIONS=
+ command grep -E '^GEM_HOME=|^GEM_PATH=|^PATH='
+ grep -E '^GEM_HOME=|^GEM_PATH=|^PATH='
GEM_HOME=/home/travis/.rvm/gems/ruby-2.3.4
PATH=/home/travis/.rvm/gems/ruby-2.3.4/bin:/home/travis/.rvm/gems/ruby-2.3.4@global/bin:/home/travis/.rvm/rubies/ruby-2.3.4/bin:/home/travis/.rvm/bin:/usr/local/sbin:/usr/local/bin:/usr/sbin:/usr/bin:/sbin:/bin:/snap/bin
GEM_PATH=/home/travis/.rvm/gems/ruby-2.3.4:/home/travis/.rvm/gems/ruby-2.3.4@global
+ printf %b 'command(8): command gem install bundler --no-ri --no-rdoc --no-ri --no-rdoc\n'
command(8): command gem install bundler --no-ri --no-rdoc --no-ri --no-rdoc
+ rvm_log 'installing gem bundler --no-ri --no-rdoc --no-ri --no-rdoc'
+ [[ '' == 1 ]]
+ rvm_pretty_print stdout
+ case "${rvm_pretty_print_flag:=auto}" in
+ case "${TERM:-dumb}" in
+ return 1
+ printf %b 'installing gem bundler --no-ri --no-rdoc --no-ri --no-rdoc\n'
installing gem bundler --no-ri --no-rdoc --no-ri --no-rdoc
+ command gem install bundler --no-ri --no-rdoc --no-ri --no-rdoc
+ gem install bundler --no-ri --no-rdoc --no-ri --no-rdoc
Successfully installed bundler-1.16.0
1 gem installed
+ true
